<?xml version="1.0" encoding="UTF-8"?>
<testsuite name="com.example.MakeupApplicationTests" tests="1" skipped="0" failures="0" errors="0" timestamp="2017-01-12T15:29:22" hostname="Aminn" time="0.024">
  <properties/>
  <testcase name="contextLoads" classname="com.example.MakeupApplicationTests" time="0.024"/>
  <system-out><![CDATA[16:29:17.177 [Test worker] DEBUG org.springframework.test.context.junit4.SpringJUnit4ClassRunner - SpringJUnit4ClassRunner constructor called with [class com.example.MakeupApplicationTests]
16:29:17.186 [Test worker] DEBUG org.springframework.test.context.BootstrapUtils - Instantiating CacheAwareContextLoaderDelegate from class [org.springframework.test.context.cache.DefaultCacheAwareContextLoaderDelegate]
16:29:17.201 [Test worker] DEBUG org.springframework.test.context.BootstrapUtils - Instantiating BootstrapContext using constructor [public org.springframework.test.context.support.DefaultBootstrapContext(java.lang.Class,org.springframework.test.context.CacheAwareContextLoaderDelegate)]
16:29:17.233 [Test worker] DEBUG org.springframework.test.context.BootstrapUtils - Instantiating TestContextBootstrapper for test class [com.example.MakeupApplicationTests] from class [org.springframework.boot.test.context.SpringBootTestContextBootstrapper]
16:29:17.254 [Test worker] INFO org.springframework.boot.test.context.SpringBootTestContextBootstrapper - Neither @ContextConfiguration nor @ContextHierarchy found for test class [com.example.MakeupApplicationTests], using SpringBootContextLoader
16:29:17.260 [Test worker] DEBUG org.springframework.test.context.support.AbstractContextLoader - Did not detect default resource location for test class [com.example.MakeupApplicationTests]: class path resource [com/example/MakeupApplicationTests-context.xml] does not exist
16:29:17.260 [Test worker] DEBUG org.springframework.test.context.support.AbstractContextLoader - Did not detect default resource location for test class [com.example.MakeupApplicationTests]: class path resource [com/example/MakeupApplicationTestsContext.groovy] does not exist
16:29:17.261 [Test worker] INFO org.springframework.test.context.support.AbstractContextLoader - Could not detect default resource locations for test class [com.example.MakeupApplicationTests]: no resource found for suffixes {-context.xml, Context.groovy}.
16:29:17.262 [Test worker] INFO org.springframework.test.context.support.AnnotationConfigContextLoaderUtils - Could not detect default configuration classes for test class [com.example.MakeupApplicationTests]: MakeupApplicationTests does not declare any static, non-private, non-final, nested classes annotated with @Configuration.
16:29:17.339 [Test worker] DEBUG org.springframework.test.context.support.ActiveProfilesUtils - Could not find an 'annotation declaring class' for annotation type [org.springframework.test.context.ActiveProfiles] and class [com.example.MakeupApplicationTests]
16:29:17.517 [Test worker] DEBUG org.springframework.core.env.StandardEnvironment - Adding [systemProperties] PropertySource with lowest search precedence
16:29:17.519 [Test worker] DEBUG org.springframework.core.env.StandardEnvironment - Adding [systemEnvironment] PropertySource with lowest search precedence
16:29:17.520 [Test worker] DEBUG org.springframework.core.env.StandardEnvironment - Initialized StandardEnvironment with PropertySources [systemProperties,systemEnvironment]
16:29:17.570 [Test worker] DEBUG org.springframework.core.io.support.PathMatchingResourcePatternResolver - Resolved classpath location [com/example/] to resources [URL [file:/C:/Users/Aminn/Documents/DUT/SITE/makeup/makeup/build/classes/test/com/example/], URL [file:/C:/Users/Aminn/Documents/DUT/SITE/makeup/makeup/build/classes/main/com/example/]]
16:29:17.575 [Test worker] DEBUG org.springframework.core.io.support.PathMatchingResourcePatternResolver - Looking for matching resources in directory tree [C:\Users\Aminn\Documents\DUT\SITE\makeup\makeup\build\classes\test\com\example]
16:29:17.578 [Test worker] DEBUG org.springframework.core.io.support.PathMatchingResourcePatternResolver - Searching directory [C:\Users\Aminn\Documents\DUT\SITE\makeup\makeup\build\classes\test\com\example] for files matching pattern [C:/Users/Aminn/Documents/DUT/SITE/makeup/makeup/build/classes/test/com/example/*.class]
16:29:17.586 [Test worker] DEBUG org.springframework.core.io.support.PathMatchingResourcePatternResolver - Looking for matching resources in directory tree [C:\Users\Aminn\Documents\DUT\SITE\makeup\makeup\build\classes\main\com\example]
16:29:17.587 [Test worker] DEBUG org.springframework.core.io.support.PathMatchingResourcePatternResolver - Searching directory [C:\Users\Aminn\Documents\DUT\SITE\makeup\makeup\build\classes\main\com\example] for files matching pattern [C:/Users/Aminn/Documents/DUT/SITE/makeup/makeup/build/classes/main/com/example/*.class]
16:29:17.590 [Test worker] DEBUG org.springframework.core.io.support.PathMatchingResourcePatternResolver - Resolved location pattern [classpath*:com/example/*.class] to resources [file [C:\Users\Aminn\Documents\DUT\SITE\makeup\makeup\build\classes\test\com\example\MakeupApplicationTests.class], file [C:\Users\Aminn\Documents\DUT\SITE\makeup\makeup\build\classes\main\com\example\Magasins.class], file [C:\Users\Aminn\Documents\DUT\SITE\makeup\makeup\build\classes\main\com\example\MakeupApplication.class], file [C:\Users\Aminn\Documents\DUT\SITE\makeup\makeup\build\classes\main\com\example\TypeService.class]]
16:29:17.721 [Test worker] DEBUG org.springframework.context.annotation.ClassPathScanningCandidateComponentProvider - Identified candidate component class: file [C:\Users\Aminn\Documents\DUT\SITE\makeup\makeup\build\classes\main\com\example\MakeupApplication.class]
16:29:17.724 [Test worker] INFO org.springframework.boot.test.context.SpringBootTestContextBootstrapper - Found @SpringBootConfiguration com.example.MakeupApplication for test class com.example.MakeupApplicationTests
16:29:17.735 [Test worker] DEBUG org.springframework.boot.test.context.SpringBootTestContextBootstrapper - @TestExecutionListeners is not present for class [com.example.MakeupApplicationTests]: using defaults.
16:29:17.743 [Test worker] INFO org.springframework.boot.test.context.SpringBootTestContextBootstrapper - Loaded default TestExecutionListener class names from location [META-INF/spring.factories]: [org.springframework.boot.test.mock.mockito.MockitoTestExecutionListener, org.springframework.boot.test.mock.mockito.ResetMocksTestExecutionListener, org.springframework.boot.test.autoconfigure.restdocs.RestDocsTestExecutionListener, org.springframework.boot.test.autoconfigure.web.client.MockRestServiceServerResetTestExecutionListener, org.springframework.boot.test.autoconfigure.web.servlet.MockMvcPrintOnlyOnFailureTestExecutionListener, org.springframework.boot.test.autoconfigure.web.servlet.WebDriverTestExecutionListener, org.springframework.test.context.web.ServletTestExecutionListener, org.springframework.test.context.support.DirtiesContextBeforeModesTestExecutionListener, org.springframework.test.context.support.DependencyInjectionTestExecutionListener, org.springframework.test.context.support.DirtiesContextTestExecutionListener, org.springframework.test.context.transaction.TransactionalTestExecutionListener, org.springframework.test.context.jdbc.SqlScriptsTestExecutionListener]
16:29:17.764 [Test worker] INFO org.springframework.boot.test.context.SpringBootTestContextBootstrapper - Could not instantiate TestExecutionListener [org.springframework.test.context.jdbc.SqlScriptsTestExecutionListener]. Specify custom listener classes or make the default listener classes (and their required dependencies) available. Offending class: [org/springframework/transaction/interceptor/TransactionAttribute]
16:29:17.766 [Test worker] INFO org.springframework.boot.test.context.SpringBootTestContextBootstrapper - Could not instantiate TestExecutionListener [org.springframework.test.context.transaction.TransactionalTestExecutionListener]. Specify custom listener classes or make the default listener classes (and their required dependencies) available. Offending class: [org/springframework/transaction/interceptor/TransactionAttributeSource]
16:29:17.767 [Test worker] INFO org.springframework.boot.test.context.SpringBootTestContextBootstrapper - Using TestExecutionListeners: [org.springframework.test.context.web.ServletTestExecutionListener@6a69c9ec, org.springframework.test.context.support.DirtiesContextBeforeModesTestExecutionListener@6c33585f, org.springframework.boot.test.autoconfigure.SpringBootDependencyInjectionTestExecutionListener@3e2cbdca, org.springframework.test.context.support.DirtiesContextTestExecutionListener@51b8b87c, org.springframework.boot.test.mock.mockito.ResetMocksTestExecutionListener@753a2d0e, org.springframework.boot.test.autoconfigure.restdocs.RestDocsTestExecutionListener@33d7256, org.springframework.boot.test.autoconfigure.web.servlet.MockMvcPrintOnlyOnFailureTestExecutionListener@58244d16, org.springframework.boot.test.autoconfigure.web.servlet.WebDriverTestExecutionListener@4c4b6536, org.springframework.boot.test.autoconfigure.web.client.MockRestServiceServerResetTestExecutionListener@68bd63ec, org.springframework.boot.test.mock.mockito.MockitoTestExecutionListener@7a136f]
16:29:17.772 [Test worker] DEBUG org.springframework.test.annotation.ProfileValueUtils - Retrieved @ProfileValueSourceConfiguration [null] for test class [com.example.MakeupApplicationTests]
16:29:17.773 [Test worker] DEBUG org.springframework.test.annotation.ProfileValueUtils - Retrieved ProfileValueSource type [class org.springframework.test.annotation.SystemProfileValueSource] for class [com.example.MakeupApplicationTests]
16:29:17.775 [Test worker] DEBUG org.springframework.test.annotation.ProfileValueUtils - Retrieved @ProfileValueSourceConfiguration [null] for test class [com.example.MakeupApplicationTests]
16:29:17.775 [Test worker] DEBUG org.springframework.test.annotation.ProfileValueUtils - Retrieved ProfileValueSource type [class org.springframework.test.annotation.SystemProfileValueSource] for class [com.example.MakeupApplicationTests]
16:29:17.781 [Test worker] DEBUG org.springframework.test.context.support.AbstractDirtiesContextTestExecutionListener - Before test class: context [DefaultTestContext@1e85923f testClass = MakeupApplicationTests, testInstance = [null], testMethod = [null], testException = [null], mergedContextConfiguration = [WebMergedContextConfiguration@3b2adc66 testClass = MakeupApplicationTests, locations = '{}', classes = '{class com.example.MakeupApplication}', contextInitializerClasses = '[]', activeProfiles = '{}', propertySourceLocations = '{}', propertySourceProperties = '{org.springframework.boot.test.context.SpringBootTestContextBootstrapper=true}', contextCustomizers = set[org.springframework.boot.test.context.SpringBootTestContextCustomizer@37aabb34, org.springframework.boot.test.context.filter.ExcludeFilterContextCustomizer@30dbc5e0, org.springframework.boot.test.mock.mockito.MockitoContextCustomizer@0, org.springframework.boot.test.autoconfigure.properties.PropertyMappingContextCustomizer@0, org.springframework.boot.test.autoconfigure.web.servlet.WebDriverContextCustomizerFactory$Customizer@2188931a], resourceBasePath = 'src/main/webapp', contextLoader = 'org.springframework.boot.test.context.SpringBootContextLoader', parent = [null]]], class annotated with @DirtiesContext [false] with mode [null].
16:29:17.782 [Test worker] DEBUG org.springframework.test.annotation.ProfileValueUtils - Retrieved @ProfileValueSourceConfiguration [null] for test class [com.example.MakeupApplicationTests]
16:29:17.782 [Test worker] DEBUG org.springframework.test.annotation.ProfileValueUtils - Retrieved ProfileValueSource type [class org.springframework.test.annotation.SystemProfileValueSource] for class [com.example.MakeupApplicationTests]
16:29:17.829 [Test worker] DEBUG org.springframework.core.env.StandardEnvironment - Adding [systemProperties] PropertySource with lowest search precedence
16:29:17.830 [Test worker] DEBUG org.springframework.core.env.StandardEnvironment - Adding [systemEnvironment] PropertySource with lowest search precedence
16:29:17.830 [Test worker] DEBUG org.springframework.core.env.StandardEnvironment - Initialized StandardEnvironment with PropertySources [systemProperties,systemEnvironment]
16:29:17.832 [Test worker] DEBUG org.springframework.test.context.support.TestPropertySourceUtils - Adding inlined properties to environment: {spring.jmx.enabled=false, org.springframework.boot.test.context.SpringBootTestContextBootstrapper=true, server.port=-1}
16:29:17.832 [Test worker] DEBUG org.springframework.core.env.StandardEnvironment - Adding [Inlined Test Properties] PropertySource with highest search precedence

  .   ____          _            __ _ _
 /\\ / ___'_ __ _ _(_)_ __  __ _ \ \ \ \
( ( )\___ | '_ | '_| | '_ \/ _` | \ \ \ \
 \\/  ___)| |_)| | | | | || (_| |  ) ) ) )
  '  |____| .__|_| |_|_| |_\__, | / / / /
 =========|_|==============|___/=/_/_/_/
 :: Spring Boot ::        (v1.4.2.RELEASE)

2017-01-12 16:29:18.636  INFO 2920 --- [    Test worker] com.example.MakeupApplicationTests       : Starting MakeupApplicationTests on Aminn with PID 2920 (started by Aminn in C:\Users\Aminn\Documents\DUT\SITE\makeup\makeup)
2017-01-12 16:29:18.638  INFO 2920 --- [    Test worker] com.example.MakeupApplicationTests       : No active profile set, falling back to default profiles: default
2017-01-12 16:29:18.700  INFO 2920 --- [    Test worker] o.s.w.c.s.GenericWebApplicationContext   : Refreshing org.springframework.web.context.support.GenericWebApplicationContext@4bf29654: startup date [Thu Jan 12 16:29:18 CET 2017]; root of context hierarchy
2017-01-12 16:29:21.442  INFO 2920 --- [    Test worker] s.w.s.m.m.a.RequestMappingHandlerAdapter : Looking for @ControllerAdvice: org.springframework.web.context.support.GenericWebApplicationContext@4bf29654: startup date [Thu Jan 12 16:29:18 CET 2017]; root of context hierarchy
2017-01-12 16:29:21.624  INFO 2920 --- [    Test worker] s.w.s.m.m.a.RequestMappingHandlerMapping : Mapped "{[/error]}" onto public org.springframework.http.ResponseEntity<java.util.Map<java.lang.String, java.lang.Object>> org.springframework.boot.autoconfigure.web.BasicErrorController.error(javax.servlet.http.HttpServletRequest)
2017-01-12 16:29:21.626  INFO 2920 --- [    Test worker] s.w.s.m.m.a.RequestMappingHandlerMapping : Mapped "{[/error],produces=[text/html]}" onto public org.springframework.web.servlet.ModelAndView org.springframework.boot.autoconfigure.web.BasicErrorController.errorHtml(javax.servlet.http.HttpServletRequest,javax.servlet.http.HttpServletResponse)
2017-01-12 16:29:21.683  INFO 2920 --- [    Test worker] o.s.w.s.handler.SimpleUrlHandlerMapping  : Mapped URL path [/webjars/**] onto handler of type [class org.springframework.web.servlet.resource.ResourceHttpRequestHandler]
2017-01-12 16:29:21.684  INFO 2920 --- [    Test worker] o.s.w.s.handler.SimpleUrlHandlerMapping  : Mapped URL path [/**] onto handler of type [class org.springframework.web.servlet.resource.ResourceHttpRequestHandler]
2017-01-12 16:29:21.753  INFO 2920 --- [    Test worker] o.s.w.s.handler.SimpleUrlHandlerMapping  : Mapped URL path [/**/favicon.ico] onto handler of type [class org.springframework.web.servlet.resource.ResourceHttpRequestHandler]
2017-01-12 16:29:22.027  INFO 2920 --- [    Test worker] com.example.MakeupApplicationTests       : Started MakeupApplicationTests in 4.18 seconds (JVM running for 6.473)
]]></system-out>
  <system-err><![CDATA[]]></system-err>
</testsuite>
